<?xml version="1.0" ?>
<!DOCTYPE coverage
  SYSTEM 'http://cobertura.sourceforge.net/xml/coverage-03.dtd'>
<coverage branch-rate="0.0499021526419" line-rate="0.103801169591" timestamp="1599995568" version="gcovr 3.2">
<sources>
<source>.</source>
</sources>
<packages>
<package branch-rate="0.0" complexity="0.0" line-rate="0.5" name=".usr.include.c++.4.9">
<classes>
<class branch-rate="0.0" complexity="0.0" filename="/usr/include/c++/4.9/iostream" line-rate="1.0" name="iostream">
<methods/>
<lines>
<line branch="false" hits="3" number="74"/>
</lines>
</class>
<class branch-rate="0.0" complexity="0.0" filename="/usr/include/c++/4.9/sstream" line-rate="0.0" name="sstream">
<methods/>
<lines>
<line branch="true" condition-coverage="0% (0/2)" hits="0" number="64">
<conditions>
<condition coverage="0%" number="0" type="jump"/>
</conditions>
</line>
</lines>
</class>
</classes>
</package>
<package branch-rate="0.0" complexity="0.0" line-rate="0.0468227424749" name=".usr.include.c++.4.9.bits">
<classes>
<class branch-rate="0.0" complexity="0.0" filename="/usr/include/c++/4.9/bits/alloc_traits.h" line-rate="0.0" name="alloc_traits_h">
<methods/>
<lines>
<line branch="true" condition-coverage="0% (0/2)" hits="0" number="576">
<conditions>
<condition coverage="0%" number="0" type="jump"/>
</conditions>
</line>
<line branch="false" hits="0" number="513"/>
<line branch="false" hits="0" number="514"/>
<line branch="false" hits="0" number="547"/>
<line branch="false" hits="0" number="548"/>
<line branch="false" hits="0" number="487"/>
<line branch="false" hits="0" number="488"/>
<line branch="false" hits="0" number="577"/>
<line branch="false" hits="0" number="568"/>
<line branch="false" hits="0" number="569"/>
<line branch="false" hits="0" number="572"/>
</lines>
</class>
<class branch-rate="0.0" complexity="0.0" filename="/usr/include/c++/4.9/bits/allocator.h" line-rate="0.0" name="allocator_h">
<methods/>
<lines>
<line branch="false" hits="0" number="133"/>
<line branch="false" hits="0" number="134"/>
<line branch="false" hits="0" number="143"/>
<line branch="false" hits="0" number="144"/>
<line branch="false" hits="0" number="113"/>
<line branch="false" hits="0" number="121"/>
</lines>
</class>
<class branch-rate="0.0" complexity="0.0" filename="/usr/include/c++/4.9/bits/basic_ios.h" line-rate="0.0" name="basic_ios_h">
<methods/>
<lines>
<line branch="true" condition-coverage="0% (0/2)" hits="0" number="48">
<conditions>
<condition coverage="0%" number="0" type="jump"/>
</conditions>
</line>
<line branch="false" hits="0" number="49"/>
<line branch="false" hits="0" number="50"/>
<line branch="false" hits="0" number="46"/>
</lines>
</class>
<class branch-rate="0.0" complexity="0.0" filename="/usr/include/c++/4.9/bits/basic_string.h" line-rate="0.0" name="basic_string_h">
<methods/>
<lines>
<line branch="false" hits="0" number="272"/>
<line branch="false" hits="0" number="1760"/>
<line branch="true" condition-coverage="0% (0/4)" hits="0" number="1763">
<conditions>
<condition coverage="0%" number="0" type="jump"/>
</conditions>
</line>
<line branch="false" hits="0" number="1738"/>
<line branch="true" condition-coverage="0% (0/4)" hits="0" number="1742">
<conditions>
<condition coverage="0%" number="0" type="jump"/>
</conditions>
</line>
</lines>
</class>
<class branch-rate="0.0" complexity="0.0" filename="/usr/include/c++/4.9/bits/basic_string.tcc" line-rate="0.0" name="basic_string_tcc">
<methods/>
<lines>
<line branch="true" condition-coverage="0% (0/24)" hits="0" number="128">
<conditions>
<condition coverage="0%" number="0" type="jump"/>
</conditions>
</line>
<line branch="false" hits="0" number="129"/>
<line branch="true" condition-coverage="0% (0/12)" hits="0" number="132">
<conditions>
<condition coverage="0%" number="0" type="jump"/>
</conditions>
</line>
<line branch="false" hits="0" number="133"/>
<line branch="false" hits="0" number="136"/>
<line branch="false" hits="0" number="138"/>
<line branch="false" hits="0" number="140"/>
<line branch="false" hits="0" number="146"/>
<line branch="false" hits="0" number="147"/>
<line branch="false" hits="0" number="227"/>
<line branch="false" hits="0" number="229"/>
<line branch="false" hits="0" number="230"/>
<line branch="false" hits="0" number="123"/>
</lines>
</class>
<class branch-rate="0.0" complexity="0.0" filename="/usr/include/c++/4.9/bits/char_traits.h" line-rate="0.0" name="char_traits_h">
<methods/>
<lines>
<line branch="false" hits="0" number="262"/>
<line branch="false" hits="0" number="243"/>
<line branch="false" hits="0" number="263"/>
<line branch="false" hits="0" number="242"/>
<line branch="false" hits="0" number="274"/>
<line branch="false" hits="0" number="275"/>
</lines>
</class>
<class branch-rate="0.0" complexity="0.0" filename="/usr/include/c++/4.9/bits/ios_base.h" line-rate="0.0" name="ios_base_h">
<methods/>
<lines>
<line branch="false" hits="0" number="163"/>
<line branch="false" hits="0" number="164"/>
<line branch="false" hits="0" number="123"/>
<line branch="false" hits="0" number="124"/>
</lines>
</class>
<class branch-rate="0.0" complexity="0.0" filename="/usr/include/c++/4.9/bits/locale_facets.h" line-rate="0.0" name="locale_facets_h">
<methods/>
<lines>
<line branch="false" hits="0" number="865"/>
<line branch="true" condition-coverage="0% (0/2)" hits="0" number="867">
<conditions>
<condition coverage="0%" number="0" type="jump"/>
</conditions>
</line>
<line branch="false" hits="0" number="868"/>
<line branch="false" hits="0" number="869"/>
<line branch="false" hits="0" number="870"/>
</lines>
</class>
<class branch-rate="0.0" complexity="0.0" filename="/usr/include/c++/4.9/bits/move.h" line-rate="0.0" name="move_h">
<methods/>
<lines>
<line branch="false" hits="0" number="50"/>
<line branch="false" hits="0" number="47"/>
</lines>
</class>
<class branch-rate="0.0" complexity="0.0" filename="/usr/include/c++/4.9/bits/stl_algobase.h" line-rate="0.0" name="stl_algobase_h">
<methods/>
<lines>
<line branch="false" hits="0" number="385"/>
<line branch="false" hits="0" number="393"/>
<line branch="false" hits="0" number="396"/>
<line branch="false" hits="0" number="278"/>
<line branch="false" hits="0" number="279"/>
<line branch="false" hits="0" number="666"/>
<line branch="false" hits="0" number="289"/>
<line branch="false" hits="0" number="290"/>
<line branch="false" hits="0" number="678"/>
<line branch="false" hits="0" number="430"/>
<line branch="false" hits="0" number="434"/>
<line branch="false" hits="0" number="569"/>
<line branch="false" hits="0" number="223"/>
<line branch="false" hits="0" number="576"/>
<line branch="true" condition-coverage="0% (0/2)" hits="0" number="577">
<conditions>
<condition coverage="0%" number="0" type="jump"/>
</conditions>
</line>
<line branch="false" hits="0" number="578"/>
<line branch="false" hits="0" number="579"/>
<line branch="false" hits="0" number="456"/>
<line branch="false" hits="0" number="585"/>
<line branch="false" hits="0" number="593"/>
<line branch="false" hits="0" number="466"/>
<line branch="false" hits="0" number="598"/>
<line branch="false" hits="0" number="217"/>
<line branch="false" hits="0" number="603"/>
<line branch="true" condition-coverage="0% (0/2)" hits="0" number="222">
<conditions>
<condition coverage="0%" number="0" type="jump"/>
</conditions>
</line>
<line branch="false" hits="0" number="607"/>
<line branch="false" hits="0" number="224"/>
<line branch="false" hits="0" number="369"/>
<line branch="false" hits="0" number="376"/>
<line branch="true" condition-coverage="0% (0/4)" hits="0" number="377">
<conditions>
<condition coverage="0%" number="0" type="jump"/>
</conditions>
</line>
<line branch="false" hits="0" number="378"/>
<line branch="false" hits="0" number="379"/>
</lines>
</class>
<class branch-rate="0.0" complexity="0.0" filename="/usr/include/c++/4.9/bits/stl_construct.h" line-rate="0.0" name="stl_construct_h">
<methods/>
<lines>
<line branch="false" hits="0" number="128"/>
<line branch="false" hits="0" number="100"/>
<line branch="true" condition-coverage="0% (0/2)" hits="0" number="102">
<conditions>
<condition coverage="0%" number="0" type="jump"/>
</conditions>
</line>
<line branch="false" hits="0" number="103"/>
<line branch="false" hits="0" number="104"/>
<line branch="false" hits="0" number="112"/>
<line branch="false" hits="0" number="148"/>
<line branch="false" hits="0" number="151"/>
<line branch="false" hits="0" number="152"/>
<line branch="false" hits="0" number="122"/>
<line branch="false" hits="0" number="92"/>
<line branch="false" hits="0" number="93"/>
<line branch="false" hits="0" number="126"/>
</lines>
</class>
<class branch-rate="0.0" complexity="0.0" filename="/usr/include/c++/4.9/bits/stl_iterator_base_funcs.h" line-rate="0.0" name="stl_iterator_base_funcs_h">
<methods/>
<lines>
<line branch="false" hits="0" number="96"/>
<line branch="false" hits="0" number="114"/>
<line branch="false" hits="0" number="173"/>
<line branch="false" hits="0" number="157"/>
<line branch="false" hits="0" number="176"/>
<line branch="true" condition-coverage="0% (0/2)" hits="0" number="177">
<conditions>
<condition coverage="0%" number="0" type="jump"/>
</conditions>
</line>
<line branch="false" hits="0" number="178"/>
<line branch="false" hits="0" number="150"/>
<line branch="false" hits="0" number="90"/>
<line branch="false" hits="0" number="156"/>
<line branch="true" condition-coverage="0% (0/6)" hits="0" number="118">
<conditions>
<condition coverage="0%" number="0" type="jump"/>
</conditions>
</line>
</lines>
</class>
<class branch-rate="0.0" complexity="0.0" filename="/usr/include/c++/4.9/bits/stl_iterator_base_types.h" line-rate="0.0" name="stl_iterator_base_types_h">
<methods/>
<lines>
<line branch="false" hits="0" number="201"/>
<line branch="false" hits="0" number="202"/>
<line branch="false" hits="0" number="212"/>
<line branch="false" hits="0" number="213"/>
<line branch="false" hits="0" number="220"/>
<line branch="false" hits="0" number="221"/>
</lines>
</class>
<class branch-rate="0.0" complexity="0.0" filename="/usr/include/c++/4.9/bits/stl_iterator.h" line-rate="0.0" name="stl_iterator_h">
<methods/>
<lines>
<line branch="false" hits="0" number="777"/>
<line branch="false" hits="0" number="778"/>
<line branch="false" hits="0" number="781"/>
<line branch="false" hits="0" number="782"/>
<line branch="false" hits="0" number="911"/>
<line branch="false" hits="0" number="914"/>
<line branch="false" hits="0" number="793"/>
<line branch="false" hits="0" number="794"/>
<line branch="false" hits="0" number="829"/>
<line branch="false" hits="0" number="832"/>
<line branch="false" hits="0" number="967"/>
<line branch="false" hits="0" number="968"/>
<line branch="false" hits="0" number="975"/>
<line branch="false" hits="0" number="976"/>
<line branch="false" hits="0" number="728"/>
<line branch="false" hits="0" number="729"/>
<line branch="false" hits="0" number="733"/>
<line branch="false" hits="0" number="737"/>
<line branch="false" hits="0" number="741"/>
<line branch="false" hits="0" number="742"/>
<line branch="false" hits="0" number="749"/>
<line branch="false" hits="0" number="751"/>
<line branch="false" hits="0" number="752"/>
<line branch="false" hits="0" number="1141"/>
<line branch="false" hits="0" number="1142"/>
<line branch="false" hits="0" number="1149"/>
<line branch="false" hits="0" number="1150"/>
</lines>
</class>
<class branch-rate="0.0" complexity="0.0" filename="/usr/include/c++/4.9/bits/stl_uninitialized.h" line-rate="0.0" name="stl_uninitialized_h">
<methods/>
<lines>
<line branch="false" hits="0" number="289"/>
<line branch="false" hits="0" number="295"/>
<line branch="false" hits="0" number="107"/>
<line branch="false" hits="0" number="302"/>
<line branch="false" hits="0" number="277"/>
<line branch="false" hits="0" number="279"/>
<line branch="false" hits="0" number="120"/>
<line branch="false" hits="0" number="91"/>
<line branch="false" hits="0" number="284"/>
<line branch="false" hits="0" number="93"/>
<line branch="false" hits="0" number="126"/>
</lines>
</class>
<class branch-rate="0.0" complexity="0.0" filename="/usr/include/c++/4.9/bits/stl_vector.h" line-rate="0.202898550725" name="stl_vector_h">
<methods/>
<lines>
<line branch="false" hits="3" number="257"/>
<line branch="false" hits="0" number="779"/>
<line branch="false" hits="0" number="780"/>
<line branch="false" hits="0" number="654"/>
<line branch="false" hits="0" number="655"/>
<line branch="true" condition-coverage="0% (0/2)" hits="0" number="1424">
<conditions>
<condition coverage="0%" number="0" type="jump"/>
</conditions>
</line>
<line branch="false" hits="0" number="1425"/>
<line branch="false" hits="0" number="659"/>
<line branch="false" hits="0" number="660"/>
<line branch="false" hits="0" number="1436"/>
<line branch="false" hits="0" number="1438"/>
<line branch="false" hits="22" number="159"/>
<line branch="false" hits="22" number="160"/>
<line branch="false" hits="44" number="161"/>
<line branch="false" hits="0" number="547"/>
<line branch="false" hits="0" number="548"/>
<line branch="false" hits="0" number="167"/>
<line branch="false" hits="22" number="424"/>
<line branch="false" hits="44" number="425"/>
<line branch="true" condition-coverage="0% (0/2)" hits="0" number="170">
<conditions>
<condition coverage="0%" number="0" type="jump"/>
</conditions>
</line>
<line branch="false" hits="0" number="556"/>
<line branch="false" hits="0" number="557"/>
<line branch="false" hits="0" number="174"/>
<line branch="true" condition-coverage="0% (0/2)" hits="0" number="177">
<conditions>
<condition coverage="0%" number="0" type="jump"/>
</conditions>
</line>
<line branch="false" hits="0" number="178"/>
<line branch="false" hits="0" number="179"/>
<line branch="false" hits="0" number="565"/>
<line branch="false" hits="0" number="566"/>
<line branch="false" hits="0" number="1211"/>
<line branch="false" hits="0" number="1212"/>
<line branch="false" hits="0" number="574"/>
<line branch="false" hits="0" number="575"/>
<line branch="false" hits="0" number="1440"/>
<line branch="true" condition-coverage="0% (0/2)" hits="0" number="1099">
<conditions>
<condition coverage="0%" number="0" type="jump"/>
</conditions>
</line>
<line branch="false" hits="0" number="1221"/>
<line branch="false" hits="0" number="1095"/>
<line branch="false" hits="0" number="1224"/>
<line branch="false" hits="0" number="1100"/>
<line branch="false" hits="0" number="1098"/>
<line branch="true" condition-coverage="0% (0/2)" hits="0" number="1227">
<conditions>
<condition coverage="0%" number="0" type="jump"/>
</conditions>
</line>
<line branch="false" hits="0" number="1228"/>
<line branch="false" hits="0" number="1229"/>
<line branch="false" hits="0" number="1101"/>
<line branch="true" condition-coverage="0% (0/2)" hits="0" number="1233">
<conditions>
<condition coverage="0%" number="0" type="jump"/>
</conditions>
</line>
<line branch="false" hits="0" number="1234"/>
<line branch="false" hits="0" number="1439"/>
<line branch="false" hits="0" number="1422"/>
<line branch="false" hits="3" number="86"/>
<line branch="false" hits="3" number="87"/>
<line branch="false" hits="3" number="88"/>
<line branch="false" hits="22" number="79"/>
<line branch="false" hits="0" number="1372"/>
<line branch="false" hits="0" number="734"/>
<line branch="false" hits="0" number="736"/>
<line branch="true" condition-coverage="0% (0/2)" hits="0" number="1377">
<conditions>
<condition coverage="0%" number="0" type="jump"/>
</conditions>
</line>
<line branch="false" hits="0" number="1378"/>
<line branch="false" hits="22" number="423"/>
<line branch="false" hits="0" number="620"/>
<line branch="false" hits="0" number="621"/>
<line branch="false" hits="0" number="1231"/>
<line branch="false" hits="3" number="253"/>
<line branch="false" hits="0" number="113"/>
<line branch="false" hits="0" number="114"/>
<line branch="true" condition-coverage="0% (0/2)" hits="0" number="1427">
<conditions>
<condition coverage="0%" number="0" type="jump"/>
</conditions>
</line>
<line branch="false" hits="0" number="117"/>
<line branch="false" hits="0" number="118"/>
<line branch="true" condition-coverage="0% (0/4)" hits="0" number="1428">
<conditions>
<condition coverage="0%" number="0" type="jump"/>
</conditions>
</line>
<line branch="false" hits="3" number="124"/>
<line branch="false" hits="3" number="125"/>
</lines>
</class>
<class branch-rate="0.0" complexity="0.0" filename="/usr/include/c++/4.9/bits/vector.tcc" line-rate="0.0" name="vector_tcc">
<methods/>
<lines>
<line branch="false" hits="0" number="641"/>
<line branch="true" condition-coverage="0% (0/2)" hits="0" number="642">
<conditions>
<condition coverage="0%" number="0" type="jump"/>
</conditions>
</line>
<line branch="true" condition-coverage="0% (0/2)" hits="0" number="643">
<conditions>
<condition coverage="0%" number="0" type="jump"/>
</conditions>
</line>
<line branch="false" hits="0" number="645"/>
<line branch="false" hits="0" number="646"/>
<line branch="true" condition-coverage="0% (0/2)" hits="0" number="647">
<conditions>
<condition coverage="0%" number="0" type="jump"/>
</conditions>
</line>
<line branch="false" hits="0" number="650"/>
<line branch="false" hits="0" number="651"/>
<line branch="true" condition-coverage="0% (0/2)" hits="0" number="652">
<conditions>
<condition coverage="0%" number="0" type="jump"/>
</conditions>
</line>
<line branch="true" condition-coverage="0% (0/6)" hits="0" number="175">
<conditions>
<condition coverage="0%" number="0" type="jump"/>
</conditions>
</line>
<line branch="true" condition-coverage="0% (0/2)" hits="0" number="173">
<conditions>
<condition coverage="0%" number="0" type="jump"/>
</conditions>
</line>
<line branch="false" hits="0" number="658"/>
<line branch="false" hits="0" number="659"/>
<line branch="false" hits="0" number="660"/>
<line branch="true" condition-coverage="0% (0/2)" hits="0" number="663">
<conditions>
<condition coverage="0%" number="0" type="jump"/>
</conditions>
</line>
<line branch="false" hits="0" number="666"/>
<line branch="true" condition-coverage="0% (0/2)" hits="0" number="667">
<conditions>
<condition coverage="0%" number="0" type="jump"/>
</conditions>
</line>
<line branch="false" hits="0" number="670"/>
<line branch="true" condition-coverage="0% (0/2)" hits="0" number="671">
<conditions>
<condition coverage="0%" number="0" type="jump"/>
</conditions>
</line>
<line branch="false" hits="0" number="176"/>
<line branch="false" hits="0" number="674"/>
<line branch="false" hits="0" number="676"/>
<line branch="true" condition-coverage="0% (0/2)" hits="0" number="678">
<conditions>
<condition coverage="0%" number="0" type="jump"/>
</conditions>
</line>
<line branch="false" hits="0" number="167"/>
<line branch="true" condition-coverage="0% (0/2)" hits="0" number="680">
<conditions>
<condition coverage="0%" number="0" type="jump"/>
</conditions>
</line>
<line branch="false" hits="0" number="681"/>
<line branch="true" condition-coverage="0% (0/2)" hits="0" number="170">
<conditions>
<condition coverage="0%" number="0" type="jump"/>
</conditions>
</line>
<line branch="false" hits="0" number="683"/>
<line branch="false" hits="0" number="684"/>
<line branch="false" hits="0" number="685"/>
<line branch="false" hits="0" number="687"/>
<line branch="false" hits="0" number="688"/>
<line branch="false" hits="0" number="689"/>
<line branch="false" hits="0" number="690"/>
<line branch="false" hits="0" number="179"/>
<line branch="false" hits="0" number="180"/>
<line branch="false" hits="0" number="693"/>
<line branch="false" hits="0" number="182"/>
<line branch="false" hits="0" number="183"/>
<line branch="false" hits="0" number="184"/>
<line branch="false" hits="0" number="185"/>
<line branch="false" hits="0" number="187"/>
<line branch="false" hits="0" number="188"/>
<line branch="false" hits="0" number="191"/>
<line branch="true" condition-coverage="0% (0/2)" hits="0" number="192">
<conditions>
<condition coverage="0%" number="0" type="jump"/>
</conditions>
</line>
<line branch="false" hits="0" number="195"/>
<line branch="false" hits="0" number="196"/>
<line branch="false" hits="0" number="197"/>
<line branch="false" hits="0" number="198"/>
<line branch="false" hits="0" number="200"/>
<line branch="false" hits="0" number="201"/>
<line branch="false" hits="0" number="202"/>
<line branch="true" condition-coverage="0% (0/2)" hits="0" number="204">
<conditions>
<condition coverage="0%" number="0" type="jump"/>
</conditions>
</line>
<line branch="false" hits="0" number="206"/>
<line branch="false" hits="0" number="207"/>
<line branch="false" hits="0" number="211"/>
<line branch="false" hits="0" number="212"/>
<line branch="false" hits="0" number="213"/>
<line branch="false" hits="0" number="216"/>
<line branch="false" hits="0" number="218"/>
<line branch="false" hits="0" number="220"/>
<line branch="false" hits="0" number="616"/>
<line branch="false" hits="0" number="679"/>
<line branch="true" condition-coverage="0% (0/2)" hits="0" number="620">
<conditions>
<condition coverage="0%" number="0" type="jump"/>
</conditions>
</line>
<line branch="false" hits="0" number="622"/>
<line branch="true" condition-coverage="0% (0/2)" hits="0" number="623">
<conditions>
<condition coverage="0%" number="0" type="jump"/>
</conditions>
</line>
<line branch="false" hits="0" number="626"/>
<line branch="false" hits="0" number="627"/>
<line branch="true" condition-coverage="0% (0/2)" hits="0" number="628">
<conditions>
<condition coverage="0%" number="0" type="jump"/>
</conditions>
</line>
<line branch="false" hits="0" number="630"/>
<line branch="false" hits="0" number="633"/>
<line branch="false" hits="0" number="634"/>
<line branch="false" hits="0" number="635"/>
<line branch="false" hits="0" number="637"/>
</lines>
</class>
</classes>
</package>
<package branch-rate="0.0" complexity="0.0" line-rate="0.0" name=".usr.include.c++.4.9.ext">
<classes>
<class branch-rate="0.0" complexity="0.0" filename="/usr/include/c++/4.9/ext/alloc_traits.h" line-rate="0.0" name="alloc_traits_h">
<methods/>
<lines>
<line branch="false" hits="0" number="145"/>
<line branch="false" hits="0" number="146"/>
<line branch="false" hits="0" number="155"/>
<line branch="false" hits="0" number="154"/>
</lines>
</class>
<class branch-rate="0.0" complexity="0.0" filename="/usr/include/c++/4.9/ext/atomicity.h" line-rate="0.0" name="atomicity_h">
<methods/>
<lines>
<line branch="false" hits="0" number="65"/>
<line branch="false" hits="0" number="67"/>
<line branch="false" hits="0" number="68"/>
<line branch="false" hits="0" number="69"/>
<line branch="false" hits="0" number="49"/>
<line branch="false" hits="0" number="78"/>
<line branch="false" hits="0" number="48"/>
<line branch="true" condition-coverage="0% (0/2)" hits="0" number="81">
<conditions>
<condition coverage="0%" number="0" type="jump"/>
</conditions>
</line>
<line branch="false" hits="0" number="82"/>
<line branch="false" hits="0" number="84"/>
</lines>
</class>
<class branch-rate="0.0" complexity="0.0" filename="/usr/include/c++/4.9/ext/new_allocator.h" line-rate="0.0" name="new_allocator_h">
<methods/>
<lines>
<line branch="false" hits="0" number="99"/>
<line branch="true" condition-coverage="0% (0/2)" hits="0" number="101">
<conditions>
<condition coverage="0%" number="0" type="jump"/>
</conditions>
</line>
<line branch="false" hits="0" number="102"/>
<line branch="false" hits="0" number="113"/>
<line branch="false" hits="0" number="104"/>
<line branch="false" hits="0" number="109"/>
<line branch="false" hits="0" number="110"/>
<line branch="false" hits="0" number="79"/>
<line branch="false" hits="0" number="81"/>
<line branch="false" hits="0" number="114"/>
<line branch="false" hits="0" number="86"/>
</lines>
</class>
<class branch-rate="0.0" complexity="0.0" filename="/usr/include/c++/4.9/ext/type_traits.h" line-rate="0.0" name="type_traits_h">
<methods/>
<lines>
<line branch="false" hits="0" number="150"/>
<line branch="false" hits="0" number="151"/>
</lines>
</class>
</classes>
</package>
<package branch-rate="0.0" complexity="0.0" line-rate="0.0" name=".usr.include.x86_64-linux-gnu.c++.4.9.bits">
<classes>
<class branch-rate="0.0" complexity="0.0" filename="/usr/include/x86_64-linux-gnu/c++/4.9/bits/gthr-default.h" line-rate="0.0" name="gthr-default_h">
<methods/>
<lines>
<line branch="false" hits="0" number="251"/>
<line branch="false" hits="0" number="247"/>
</lines>
</class>
</classes>
</package>
<package branch-rate="0.333333333333" complexity="0.0" line-rate="0.5" name=".workspace.hbm-vscode-remote.deps.hermes-base-cpp.build.install.x86_64.include">
<classes>
<class branch-rate="0.5" complexity="0.0" filename="/workspace/hbm-vscode-remote/deps/hermes-base-cpp/build/install/x86_64/include/DataHndlr.hpp" line-rate="1.0" name="DataHndlr_hpp">
<methods/>
<lines>
<line branch="true" condition-coverage="50% (1/2)" hits="1" number="31">
<conditions>
<condition coverage="50%" number="0" type="jump"/>
</conditions>
</line>
</lines>
</class>
<class branch-rate="0.3125" complexity="0.0" filename="/workspace/hbm-vscode-remote/deps/hermes-base-cpp/build/install/x86_64/include/JSerializer.hpp" line-rate="0.555555555556" name="JSerializer_hpp">
<methods/>
<lines>
<line branch="false" hits="0" number="72"/>
<line branch="false" hits="0" number="78"/>
<line branch="true" condition-coverage="0% (0/6)" hits="0" number="48">
<conditions>
<condition coverage="0%" number="0" type="jump"/>
</conditions>
</line>
<line branch="false" hits="0" number="56"/>
<line branch="true" condition-coverage="50% (1/2)" hits="3" number="21">
<conditions>
<condition coverage="50%" number="0" type="jump"/>
</conditions>
</line>
<line branch="true" condition-coverage="50% (1/2)" hits="3" number="22">
<conditions>
<condition coverage="50%" number="0" type="jump"/>
</conditions>
</line>
<line branch="true" condition-coverage="50% (1/2)" hits="3" number="23">
<conditions>
<condition coverage="50%" number="0" type="jump"/>
</conditions>
</line>
<line branch="true" condition-coverage="50% (1/2)" hits="3" number="24">
<conditions>
<condition coverage="50%" number="0" type="jump"/>
</conditions>
</line>
<line branch="true" condition-coverage="50% (1/2)" hits="3" number="26">
<conditions>
<condition coverage="50%" number="0" type="jump"/>
</conditions>
</line>
</lines>
</class>
<class branch-rate="0.0" complexity="0.0" filename="/workspace/hbm-vscode-remote/deps/hermes-base-cpp/build/install/x86_64/include/WorkerThread.hpp" line-rate="0.0" name="WorkerThread_hpp">
<methods/>
<lines>
<line branch="false" hits="0" number="46"/>
<line branch="false" hits="0" number="47"/>
</lines>
</class>
</classes>
</package>
<package branch-rate="0.0" complexity="0.0" line-rate="0.0" name=".workspace.hbm-vscode-remote.deps.hermes-base-cpp.deps.plog.include.plog">
<classes>
<class branch-rate="0.0" complexity="0.0" filename="/workspace/hbm-vscode-remote/deps/hermes-base-cpp/deps/plog/include/plog/Init.h" line-rate="0.0" name="Init_h">
<methods/>
<lines>
<line branch="true" condition-coverage="0% (0/4)" hits="0" number="18">
<conditions>
<condition coverage="0%" number="0" type="jump"/>
</conditions>
</line>
<line branch="false" hits="0" number="12"/>
<line branch="false" hits="0" number="14"/>
</lines>
</class>
<class branch-rate="0.0" complexity="0.0" filename="/workspace/hbm-vscode-remote/deps/hermes-base-cpp/deps/plog/include/plog/Logger.h" line-rate="0.0" name="Logger_h">
<methods/>
<lines>
<line branch="false" hits="0" number="64"/>
<line branch="false" hits="0" number="66"/>
<line branch="false" hits="0" number="37"/>
<line branch="false" hits="0" number="39"/>
<line branch="false" hits="0" number="50"/>
<line branch="true" condition-coverage="0% (0/2)" hits="0" number="52">
<conditions>
<condition coverage="0%" number="0" type="jump"/>
</conditions>
</line>
<line branch="true" condition-coverage="0% (0/2)" hits="0" number="54">
<conditions>
<condition coverage="0%" number="0" type="jump"/>
</conditions>
</line>
<line branch="false" hits="0" number="56"/>
</lines>
</class>
<class branch-rate="0.0" complexity="0.0" filename="/workspace/hbm-vscode-remote/deps/hermes-base-cpp/deps/plog/include/plog/Record.h" line-rate="0.0" name="Record_h">
<methods/>
<lines>
<line branch="false" hits="0" number="16"/>
<line branch="true" condition-coverage="0% (0/2)" hits="0" number="18">
<conditions>
<condition coverage="0%" number="0" type="jump"/>
</conditions>
</line>
<line branch="false" hits="0" number="25"/>
<line branch="false" hits="0" number="27"/>
<line branch="false" hits="0" number="29"/>
<line branch="false" hits="0" number="158"/>
<line branch="false" hits="0" number="31"/>
<line branch="false" hits="0" number="32"/>
<line branch="false" hits="0" number="162"/>
<line branch="false" hits="0" number="163"/>
<line branch="false" hits="0" number="169"/>
<line branch="false" hits="0" number="171"/>
<line branch="false" hits="0" number="174"/>
<line branch="false" hits="0" number="176"/>
<line branch="false" hits="0" number="179"/>
<line branch="false" hits="0" number="181"/>
<line branch="false" hits="0" number="184"/>
<line branch="false" hits="0" number="186"/>
<line branch="false" hits="0" number="189"/>
<line branch="false" hits="0" number="191"/>
<line branch="false" hits="0" number="194"/>
<line branch="true" condition-coverage="0% (0/2)" hits="0" number="196">
<conditions>
<condition coverage="0%" number="0" type="jump"/>
</conditions>
</line>
<line branch="false" hits="0" number="197"/>
<line branch="false" hits="0" number="200"/>
<line branch="true" condition-coverage="0% (0/2)" hits="0" number="202">
<conditions>
<condition coverage="0%" number="0" type="jump"/>
</conditions>
</line>
<line branch="false" hits="0" number="203"/>
<line branch="false" hits="0" number="206"/>
<line branch="false" hits="0" number="208"/>
<line branch="false" hits="0" number="211"/>
<line branch="false" hits="0" number="212"/>
<line branch="true" condition-coverage="0% (0/2)" hits="0" number="213">
<conditions>
<condition coverage="0%" number="0" type="jump"/>
</conditions>
</line>
<line branch="false" hits="0" number="105"/>
<line branch="true" condition-coverage="0% (0/4)" hits="0" number="106">
<conditions>
<condition coverage="0%" number="0" type="jump"/>
</conditions>
</line>
<line branch="true" condition-coverage="0% (0/2)" hits="0" number="108">
<conditions>
<condition coverage="0%" number="0" type="jump"/>
</conditions>
</line>
<line branch="false" hits="0" number="109"/>
</lines>
</class>
<class branch-rate="0.0" complexity="0.0" filename="/workspace/hbm-vscode-remote/deps/hermes-base-cpp/deps/plog/include/plog/Util.h" line-rate="0.0" name="Util_h">
<methods/>
<lines>
<line branch="true" condition-coverage="0% (0/2)" hits="0" number="193">
<conditions>
<condition coverage="0%" number="0" type="jump"/>
</conditions>
</line>
<line branch="false" hits="0" number="197"/>
<line branch="false" hits="0" number="202"/>
<line branch="false" hits="0" number="416"/>
<line branch="false" hits="0" number="89"/>
<line branch="false" hits="0" number="92"/>
<line branch="false" hits="0" number="94"/>
<line branch="false" hits="0" number="95"/>
<line branch="false" hits="0" number="96"/>
<line branch="false" hits="0" number="418"/>
<line branch="false" hits="0" number="99"/>
<line branch="false" hits="0" number="104"/>
<line branch="false" hits="0" number="171"/>
<line branch="false" hits="0" number="176"/>
<line branch="false" hits="0" number="177"/>
<line branch="true" condition-coverage="0% (0/2)" hits="0" number="179">
<conditions>
<condition coverage="0%" number="0" type="jump"/>
</conditions>
</line>
<line branch="true" condition-coverage="0% (0/2)" hits="0" number="181">
<conditions>
<condition coverage="0%" number="0" type="jump"/>
</conditions>
</line>
<line branch="true" condition-coverage="0% (0/2)" hits="0" number="184">
<conditions>
<condition coverage="0%" number="0" type="jump"/>
</conditions>
</line>
<line branch="true" condition-coverage="0% (0/2)" hits="0" number="186">
<conditions>
<condition coverage="0%" number="0" type="jump"/>
</conditions>
</line>
<line branch="false" hits="0" number="188"/>
<line branch="false" hits="0" number="189"/>
</lines>
</class>
</classes>
</package>
<package branch-rate="0.0" complexity="0.0" line-rate="0.9" name=".workspace.hbm-vscode-remote.deps.hermes-base-cpp.test.gtest.include.gtest">
<classes>
<class branch-rate="0.0" complexity="0.0" filename="/workspace/hbm-vscode-remote/deps/hermes-base-cpp/test/gtest/include/gtest/gtest-message.h" line-rate="1.0" name="gtest-message_h">
<methods/>
<lines>
<line branch="false" hits="74" number="85"/>
</lines>
</class>
<class branch-rate="0.0" complexity="0.0" filename="/workspace/hbm-vscode-remote/deps/hermes-base-cpp/test/gtest/include/gtest/gtest.h" line-rate="0.888888888889" name="gtest_h">
<methods/>
<lines>
<line branch="false" hits="2" number="259"/>
<line branch="false" hits="2" number="295"/>
<line branch="false" hits="1" number="2313"/>
<line branch="false" hits="0" number="490"/>
<line branch="false" hits="1" number="413"/>
<line branch="false" hits="1" number="405"/>
<line branch="false" hits="2" number="282"/>
<line branch="false" hits="1" number="2314"/>
<line branch="false" hits="2" number="277"/>
</lines>
</class>
</classes>
</package>
<package branch-rate="0.277777777778" complexity="0.0" line-rate="0.941176470588" name=".workspace.hbm-vscode-remote.deps.hermes-base-cpp.test.gtest.include.gtest.internal">
<classes>
<class branch-rate="0.166666666667" complexity="0.0" filename="/workspace/hbm-vscode-remote/deps/hermes-base-cpp/test/gtest/include/gtest/internal/gtest-internal.h" line-rate="0.888888888889" name="gtest-internal_h">
<methods/>
<lines>
<line branch="false" hits="2" number="483"/>
<line branch="false" hits="1" number="452"/>
<line branch="false" hits="1" number="485"/>
<line branch="false" hits="1" number="426"/>
<line branch="true" condition-coverage="0% (0/2)" hits="1" number="461">
<conditions>
<condition coverage="0%" number="0" type="jump"/>
</conditions>
</line>
<line branch="true" condition-coverage="50% (1/2)" hits="1" number="463">
<conditions>
<condition coverage="50%" number="0" type="jump"/>
</conditions>
</line>
<line branch="false" hits="1" number="484"/>
<line branch="false" hits="1" number="431"/>
<line branch="true" condition-coverage="0% (0/2)" hits="0" number="445">
<conditions>
<condition coverage="0%" number="0" type="jump"/>
</conditions>
</line>
</lines>
</class>
<class branch-rate="0.333333333333" complexity="0.0" filename="/workspace/hbm-vscode-remote/deps/hermes-base-cpp/test/gtest/include/gtest/internal/gtest-port.h" line-rate="1.0" name="gtest-port_h">
<methods/>
<lines>
<line branch="false" hits="76" number="1195"/>
<line branch="true" condition-coverage="50% (2/4)" hits="76" number="1196">
<conditions>
<condition coverage="50%" number="0" type="jump"/>
</conditions>
</line>
<line branch="true" condition-coverage="25% (1/4)" hits="74" number="1197">
<conditions>
<condition coverage="25%" number="0" type="jump"/>
</conditions>
</line>
<line branch="true" condition-coverage="25% (1/4)" hits="74" number="1198">
<conditions>
<condition coverage="25%" number="0" type="jump"/>
</conditions>
</line>
<line branch="false" hits="74" number="1200"/>
<line branch="false" hits="76" number="1202"/>
<line branch="false" hits="2" number="1182"/>
<line branch="false" hits="76" number="1183"/>
</lines>
</class>
</classes>
</package>
<package branch-rate="0.0" complexity="0.0" line-rate="0.0" name=".workspace.hbm-vscode-remote.inc">
<classes>
<class branch-rate="0.0" complexity="0.0" filename="/workspace/hbm-vscode-remote/inc/CAlgorithm.hpp" line-rate="0.0" name="CAlgorithm_hpp">
<methods/>
<lines>
<line branch="false" hits="0" number="32"/>
<line branch="false" hits="0" number="33"/>
<line branch="false" hits="0" number="34"/>
<line branch="false" hits="0" number="35"/>
<line branch="true" condition-coverage="0% (0/6)" hits="0" number="37">
<conditions>
<condition coverage="0%" number="0" type="jump"/>
</conditions>
</line>
<line branch="true" condition-coverage="0% (0/6)" hits="0" number="22">
<conditions>
<condition coverage="0%" number="0" type="jump"/>
</conditions>
</line>
<line branch="false" hits="0" number="23"/>
<line branch="true" condition-coverage="0% (0/4)" hits="0" number="24">
<conditions>
<condition coverage="0%" number="0" type="jump"/>
</conditions>
</line>
<line branch="false" hits="0" number="25"/>
<line branch="false" hits="0" number="26"/>
<line branch="false" hits="0" number="27"/>
<line branch="false" hits="0" number="29"/>
<line branch="false" hits="0" number="30"/>
<line branch="false" hits="0" number="31"/>
</lines>
</class>
</classes>
</package>
<package branch-rate="0.0215633423181" complexity="0.0" line-rate="0.0412844036697" name=".workspace.hbm-vscode-remote.src">
<classes>
<class branch-rate="0.0603448275862" complexity="0.0" filename="/workspace/hbm-vscode-remote/src/FlowSensor.cpp" line-rate="0.0769230769231" name="FlowSensor_cpp">
<methods/>
<lines>
<line branch="false" hits="1" number="14"/>
<line branch="true" condition-coverage="50% (9/18)" hits="1" number="16">
<conditions>
<condition coverage="50%" number="0" type="jump"/>
</conditions>
</line>
<line branch="true" condition-coverage="50% (2/4)" hits="1" number="18">
<conditions>
<condition coverage="50%" number="0" type="jump"/>
</conditions>
</line>
<line branch="false" hits="1" number="19"/>
<line branch="false" hits="1" number="21"/>
<line branch="false" hits="1" number="24"/>
<line branch="true" condition-coverage="50% (1/2)" hits="1" number="26">
<conditions>
<condition coverage="50%" number="0" type="jump"/>
</conditions>
</line>
<line branch="false" hits="0" number="29"/>
<line branch="true" condition-coverage="0% (0/2)" hits="0" number="31">
<conditions>
<condition coverage="0%" number="0" type="jump"/>
</conditions>
</line>
<line branch="true" condition-coverage="0% (0/2)" hits="0" number="34">
<conditions>
<condition coverage="0%" number="0" type="jump"/>
</conditions>
</line>
<line branch="true" condition-coverage="0% (0/2)" hits="0" number="35">
<conditions>
<condition coverage="0%" number="0" type="jump"/>
</conditions>
</line>
<line branch="true" condition-coverage="0% (0/2)" hits="0" number="36">
<conditions>
<condition coverage="0%" number="0" type="jump"/>
</conditions>
</line>
<line branch="true" condition-coverage="0% (0/2)" hits="0" number="37">
<conditions>
<condition coverage="0%" number="0" type="jump"/>
</conditions>
</line>
<line branch="true" condition-coverage="0% (0/2)" hits="0" number="39">
<conditions>
<condition coverage="0%" number="0" type="jump"/>
</conditions>
</line>
<line branch="true" condition-coverage="0% (0/2)" hits="0" number="41">
<conditions>
<condition coverage="0%" number="0" type="jump"/>
</conditions>
</line>
<line branch="true" condition-coverage="0% (0/2)" hits="0" number="44">
<conditions>
<condition coverage="0%" number="0" type="jump"/>
</conditions>
</line>
<line branch="true" condition-coverage="0% (0/2)" hits="0" number="55">
<conditions>
<condition coverage="0%" number="0" type="jump"/>
</conditions>
</line>
<line branch="false" hits="0" number="59"/>
<line branch="false" hits="0" number="63"/>
<line branch="false" hits="0" number="65"/>
<line branch="false" hits="0" number="69"/>
<line branch="false" hits="0" number="71"/>
<line branch="false" hits="0" number="75"/>
<line branch="false" hits="0" number="77"/>
<line branch="false" hits="0" number="81"/>
<line branch="false" hits="0" number="83"/>
<line branch="true" condition-coverage="0% (0/20)" hits="0" number="85">
<conditions>
<condition coverage="0%" number="0" type="jump"/>
</conditions>
</line>
<line branch="true" condition-coverage="0% (0/4)" hits="0" number="87">
<conditions>
<condition coverage="0%" number="0" type="jump"/>
</conditions>
</line>
<line branch="true" condition-coverage="0% (0/4)" hits="0" number="89">
<conditions>
<condition coverage="0%" number="0" type="jump"/>
</conditions>
</line>
<line branch="true" condition-coverage="0% (0/2)" hits="0" number="91">
<conditions>
<condition coverage="0%" number="0" type="jump"/>
</conditions>
</line>
<line branch="true" condition-coverage="0% (0/4)" hits="0" number="93">
<conditions>
<condition coverage="0%" number="0" type="jump"/>
</conditions>
</line>
<line branch="true" condition-coverage="0% (0/4)" hits="0" number="94">
<conditions>
<condition coverage="0%" number="0" type="jump"/>
</conditions>
</line>
<line branch="true" condition-coverage="0% (0/4)" hits="0" number="96">
<conditions>
<condition coverage="0%" number="0" type="jump"/>
</conditions>
</line>
<line branch="true" condition-coverage="0% (0/2)" hits="0" number="98">
<conditions>
<condition coverage="0%" number="0" type="jump"/>
</conditions>
</line>
<line branch="true" condition-coverage="0% (0/4)" hits="0" number="100">
<conditions>
<condition coverage="0%" number="0" type="jump"/>
</conditions>
</line>
<line branch="true" condition-coverage="0% (0/4)" hits="0" number="101">
<conditions>
<condition coverage="0%" number="0" type="jump"/>
</conditions>
</line>
<line branch="true" condition-coverage="0% (0/4)" hits="0" number="103">
<conditions>
<condition coverage="0%" number="0" type="jump"/>
</conditions>
</line>
<line branch="true" condition-coverage="0% (0/4)" hits="0" number="104">
<conditions>
<condition coverage="0%" number="0" type="jump"/>
</conditions>
</line>
<line branch="true" condition-coverage="0% (0/4)" hits="0" number="105">
<conditions>
<condition coverage="0%" number="0" type="jump"/>
</conditions>
</line>
<line branch="true" condition-coverage="0% (0/4)" hits="0" number="108">
<conditions>
<condition coverage="0%" number="0" type="jump"/>
</conditions>
</line>
<line branch="true" condition-coverage="0% (0/4)" hits="0" number="110">
<conditions>
<condition coverage="0%" number="0" type="jump"/>
</conditions>
</line>
<line branch="true" condition-coverage="0% (0/4)" hits="0" number="112">
<conditions>
<condition coverage="0%" number="0" type="jump"/>
</conditions>
</line>
<line branch="true" condition-coverage="0% (0/2)" hits="0" number="113">
<conditions>
<condition coverage="0%" number="0" type="jump"/>
</conditions>
</line>
<line branch="true" condition-coverage="0% (0/4)" hits="0" number="115">
<conditions>
<condition coverage="0%" number="0" type="jump"/>
</conditions>
</line>
<line branch="false" hits="0" number="119"/>
<line branch="true" condition-coverage="0% (0/2)" hits="0" number="125">
<conditions>
<condition coverage="0%" number="0" type="jump"/>
</conditions>
</line>
<line branch="true" condition-coverage="0% (0/6)" hits="0" number="127">
<conditions>
<condition coverage="0%" number="0" type="jump"/>
</conditions>
</line>
<line branch="true" condition-coverage="0% (0/2)" hits="0" number="128">
<conditions>
<condition coverage="0%" number="0" type="jump"/>
</conditions>
</line>
<line branch="true" condition-coverage="0% (0/4)" hits="0" number="130">
<conditions>
<condition coverage="0%" number="0" type="jump"/>
</conditions>
</line>
<line branch="false" hits="0" number="134"/>
<line branch="true" condition-coverage="0% (0/4)" hits="0" number="139">
<conditions>
<condition coverage="0%" number="0" type="jump"/>
</conditions>
</line>
<line branch="true" condition-coverage="0% (0/2)" hits="0" number="141">
<conditions>
<condition coverage="0%" number="0" type="jump"/>
</conditions>
</line>
<line branch="true" condition-coverage="0% (0/2)" hits="0" number="143">
<conditions>
<condition coverage="0%" number="0" type="jump"/>
</conditions>
</line>
<line branch="true" condition-coverage="0% (0/4)" hits="0" number="144">
<conditions>
<condition coverage="0%" number="0" type="jump"/>
</conditions>
</line>
<line branch="true" condition-coverage="0% (0/4)" hits="0" number="145">
<conditions>
<condition coverage="0%" number="0" type="jump"/>
</conditions>
</line>
<line branch="true" condition-coverage="0% (0/6)" hits="0" number="147">
<conditions>
<condition coverage="0%" number="0" type="jump"/>
</conditions>
</line>
<line branch="true" condition-coverage="0% (0/2)" hits="0" number="148">
<conditions>
<condition coverage="0%" number="0" type="jump"/>
</conditions>
</line>
<line branch="true" condition-coverage="0% (0/2)" hits="0" number="152">
<conditions>
<condition coverage="0%" number="0" type="jump"/>
</conditions>
</line>
<line branch="true" condition-coverage="0% (0/2)" hits="0" number="154">
<conditions>
<condition coverage="0%" number="0" type="jump"/>
</conditions>
</line>
<line branch="false" hits="0" number="155"/>
<line branch="false" hits="0" number="159"/>
<line branch="false" hits="0" number="165"/>
<line branch="true" condition-coverage="0% (0/4)" hits="0" number="176">
<conditions>
<condition coverage="0%" number="0" type="jump"/>
</conditions>
</line>
<line branch="true" condition-coverage="0% (0/2)" hits="0" number="178">
<conditions>
<condition coverage="0%" number="0" type="jump"/>
</conditions>
</line>
<line branch="true" condition-coverage="0% (0/6)" hits="0" number="180">
<conditions>
<condition coverage="0%" number="0" type="jump"/>
</conditions>
</line>
<line branch="true" condition-coverage="0% (0/6)" hits="0" number="181">
<conditions>
<condition coverage="0%" number="0" type="jump"/>
</conditions>
</line>
<line branch="true" condition-coverage="0% (0/4)" hits="0" number="183">
<conditions>
<condition coverage="0%" number="0" type="jump"/>
</conditions>
</line>
<line branch="true" condition-coverage="0% (0/6)" hits="0" number="184">
<conditions>
<condition coverage="0%" number="0" type="jump"/>
</conditions>
</line>
<line branch="true" condition-coverage="0% (0/4)" hits="0" number="185">
<conditions>
<condition coverage="0%" number="0" type="jump"/>
</conditions>
</line>
<line branch="true" condition-coverage="0% (0/6)" hits="0" number="186">
<conditions>
<condition coverage="0%" number="0" type="jump"/>
</conditions>
</line>
<line branch="true" condition-coverage="0% (0/2)" hits="0" number="188">
<conditions>
<condition coverage="0%" number="0" type="jump"/>
</conditions>
</line>
<line branch="true" condition-coverage="0% (0/6)" hits="0" number="190">
<conditions>
<condition coverage="0%" number="0" type="jump"/>
</conditions>
</line>
<line branch="true" condition-coverage="0% (0/2)" hits="0" number="192">
<conditions>
<condition coverage="0%" number="0" type="jump"/>
</conditions>
</line>
<line branch="true" condition-coverage="0% (0/2)" hits="0" number="193">
<conditions>
<condition coverage="0%" number="0" type="jump"/>
</conditions>
</line>
<line branch="true" condition-coverage="0% (0/2)" hits="0" number="195">
<conditions>
<condition coverage="0%" number="0" type="jump"/>
</conditions>
</line>
<line branch="false" hits="0" number="197"/>
<line branch="false" hits="0" number="200"/>
<line branch="false" hits="0" number="204"/>
<line branch="false" hits="0" number="206"/>
<line branch="false" hits="0" number="209"/>
<line branch="false" hits="0" number="211"/>
<line branch="false" hits="0" number="213"/>
<line branch="false" hits="0" number="214"/>
<line branch="true" condition-coverage="0% (0/2)" hits="0" number="216">
<conditions>
<condition coverage="0%" number="0" type="jump"/>
</conditions>
</line>
<line branch="false" hits="0" number="218"/>
<line branch="false" hits="0" number="219"/>
<line branch="false" hits="0" number="220"/>
<line branch="false" hits="0" number="223"/>
<line branch="false" hits="0" number="225"/>
<line branch="false" hits="0" number="229"/>
<line branch="false" hits="0" number="231"/>
<line branch="false" hits="0" number="234"/>
<line branch="false" hits="0" number="236"/>
<line branch="false" hits="0" number="238"/>
<line branch="false" hits="0" number="240"/>
<line branch="true" condition-coverage="0% (0/2)" hits="0" number="242">
<conditions>
<condition coverage="0%" number="0" type="jump"/>
</conditions>
</line>
<line branch="true" condition-coverage="0% (0/2)" hits="0" number="244">
<conditions>
<condition coverage="0%" number="0" type="jump"/>
</conditions>
</line>
<line branch="false" hits="0" number="246"/>
<line branch="false" hits="0" number="249"/>
<line branch="false" hits="0" number="252"/>
<line branch="true" condition-coverage="0% (0/2)" hits="0" number="254">
<conditions>
<condition coverage="0%" number="0" type="jump"/>
</conditions>
</line>
<line branch="true" condition-coverage="0% (0/2)" hits="0" number="256">
<conditions>
<condition coverage="0%" number="0" type="jump"/>
</conditions>
</line>
<line branch="false" hits="0" number="258"/>
<line branch="true" condition-coverage="50% (2/4)" hits="3" number="261">
<conditions>
<condition coverage="50%" number="0" type="jump"/>
</conditions>
</line>
</lines>
</class>
<class branch-rate="0.00392156862745" complexity="0.0" filename="/workspace/hbm-vscode-remote/src/flow_velocity.cpp" line-rate="0.00877192982456" name="flow_velocity_cpp">
<methods/>
<lines>
<line branch="true" condition-coverage="0% (0/20)" hits="0" number="15">
<conditions>
<condition coverage="0%" number="0" type="jump"/>
</conditions>
</line>
<line branch="false" hits="0" number="17"/>
<line branch="false" hits="0" number="18"/>
<line branch="true" condition-coverage="0% (0/4)" hits="0" number="20">
<conditions>
<condition coverage="0%" number="0" type="jump"/>
</conditions>
</line>
<line branch="true" condition-coverage="0% (0/4)" hits="0" number="21">
<conditions>
<condition coverage="0%" number="0" type="jump"/>
</conditions>
</line>
<line branch="true" condition-coverage="0% (0/4)" hits="0" number="22">
<conditions>
<condition coverage="0%" number="0" type="jump"/>
</conditions>
</line>
<line branch="true" condition-coverage="0% (0/4)" hits="0" number="23">
<conditions>
<condition coverage="0%" number="0" type="jump"/>
</conditions>
</line>
<line branch="true" condition-coverage="0% (0/4)" hits="0" number="24">
<conditions>
<condition coverage="0%" number="0" type="jump"/>
</conditions>
</line>
<line branch="true" condition-coverage="0% (0/4)" hits="0" number="26">
<conditions>
<condition coverage="0%" number="0" type="jump"/>
</conditions>
</line>
<line branch="true" condition-coverage="0% (0/4)" hits="0" number="27">
<conditions>
<condition coverage="0%" number="0" type="jump"/>
</conditions>
</line>
<line branch="true" condition-coverage="0% (0/4)" hits="0" number="28">
<conditions>
<condition coverage="0%" number="0" type="jump"/>
</conditions>
</line>
<line branch="true" condition-coverage="0% (0/4)" hits="0" number="29">
<conditions>
<condition coverage="0%" number="0" type="jump"/>
</conditions>
</line>
<line branch="false" hits="0" number="31"/>
<line branch="false" hits="0" number="32"/>
<line branch="false" hits="0" number="34"/>
<line branch="true" condition-coverage="0% (0/2)" hits="0" number="36">
<conditions>
<condition coverage="0%" number="0" type="jump"/>
</conditions>
</line>
<line branch="false" hits="0" number="38"/>
<line branch="true" condition-coverage="0% (0/12)" hits="0" number="40">
<conditions>
<condition coverage="0%" number="0" type="jump"/>
</conditions>
</line>
<line branch="true" condition-coverage="0% (0/4)" hits="0" number="42">
<conditions>
<condition coverage="0%" number="0" type="jump"/>
</conditions>
</line>
<line branch="true" condition-coverage="0% (0/14)" hits="0" number="44">
<conditions>
<condition coverage="0%" number="0" type="jump"/>
</conditions>
</line>
<line branch="false" hits="0" number="46"/>
<line branch="false" hits="0" number="48"/>
<line branch="false" hits="0" number="51"/>
<line branch="false" hits="0" number="53"/>
<line branch="false" hits="0" number="55"/>
<line branch="false" hits="0" number="57"/>
<line branch="false" hits="0" number="60"/>
<line branch="false" hits="0" number="62"/>
<line branch="false" hits="0" number="64"/>
<line branch="false" hits="0" number="66"/>
<line branch="false" hits="0" number="69"/>
<line branch="false" hits="0" number="71"/>
<line branch="false" hits="0" number="75"/>
<line branch="true" condition-coverage="0% (0/2)" hits="0" number="77">
<conditions>
<condition coverage="0%" number="0" type="jump"/>
</conditions>
</line>
<line branch="true" condition-coverage="0% (0/2)" hits="0" number="79">
<conditions>
<condition coverage="0%" number="0" type="jump"/>
</conditions>
</line>
<line branch="true" condition-coverage="0% (0/22)" hits="0" number="81">
<conditions>
<condition coverage="0%" number="0" type="jump"/>
</conditions>
</line>
<line branch="true" condition-coverage="0% (0/6)" hits="0" number="83">
<conditions>
<condition coverage="0%" number="0" type="jump"/>
</conditions>
</line>
<line branch="true" condition-coverage="0% (0/6)" hits="0" number="84">
<conditions>
<condition coverage="0%" number="0" type="jump"/>
</conditions>
</line>
<line branch="true" condition-coverage="0% (0/6)" hits="0" number="85">
<conditions>
<condition coverage="0%" number="0" type="jump"/>
</conditions>
</line>
<line branch="true" condition-coverage="0% (0/6)" hits="0" number="87">
<conditions>
<condition coverage="0%" number="0" type="jump"/>
</conditions>
</line>
<line branch="true" condition-coverage="0% (0/6)" hits="0" number="88">
<conditions>
<condition coverage="0%" number="0" type="jump"/>
</conditions>
</line>
<line branch="true" condition-coverage="0% (0/6)" hits="0" number="89">
<conditions>
<condition coverage="0%" number="0" type="jump"/>
</conditions>
</line>
<line branch="true" condition-coverage="0% (0/2)" hits="0" number="91">
<conditions>
<condition coverage="0%" number="0" type="jump"/>
</conditions>
</line>
<line branch="false" hits="0" number="93"/>
<line branch="true" condition-coverage="0% (0/4)" hits="0" number="94">
<conditions>
<condition coverage="0%" number="0" type="jump"/>
</conditions>
</line>
<line branch="true" condition-coverage="0% (0/22)" hits="0" number="96">
<conditions>
<condition coverage="0%" number="0" type="jump"/>
</conditions>
</line>
<line branch="true" condition-coverage="0% (0/2)" hits="0" number="98">
<conditions>
<condition coverage="0%" number="0" type="jump"/>
</conditions>
</line>
<line branch="true" condition-coverage="0% (0/26)" hits="0" number="100">
<conditions>
<condition coverage="0%" number="0" type="jump"/>
</conditions>
</line>
<line branch="true" condition-coverage="0% (0/20)" hits="0" number="105">
<conditions>
<condition coverage="0%" number="0" type="jump"/>
</conditions>
</line>
<line branch="false" hits="0" number="110"/>
<line branch="false" hits="0" number="113"/>
<line branch="true" condition-coverage="0% (0/2)" hits="0" number="115">
<conditions>
<condition coverage="0%" number="0" type="jump"/>
</conditions>
</line>
<line branch="true" condition-coverage="0% (0/2)" hits="0" number="117">
<conditions>
<condition coverage="0%" number="0" type="jump"/>
</conditions>
</line>
<line branch="true" condition-coverage="0% (0/2)" hits="0" number="119">
<conditions>
<condition coverage="0%" number="0" type="jump"/>
</conditions>
</line>
<line branch="true" condition-coverage="0% (0/2)" hits="0" number="125">
<conditions>
<condition coverage="0%" number="0" type="jump"/>
</conditions>
</line>
<line branch="true" condition-coverage="0% (0/2)" hits="0" number="127">
<conditions>
<condition coverage="0%" number="0" type="jump"/>
</conditions>
</line>
<line branch="true" condition-coverage="0% (0/2)" hits="0" number="128">
<conditions>
<condition coverage="0%" number="0" type="jump"/>
</conditions>
</line>
<line branch="true" condition-coverage="0% (0/2)" hits="0" number="129">
<conditions>
<condition coverage="0%" number="0" type="jump"/>
</conditions>
</line>
<line branch="false" hits="0" number="130"/>
<line branch="true" condition-coverage="0% (0/2)" hits="0" number="132">
<conditions>
<condition coverage="0%" number="0" type="jump"/>
</conditions>
</line>
<line branch="true" condition-coverage="0% (0/2)" hits="0" number="136">
<conditions>
<condition coverage="0%" number="0" type="jump"/>
</conditions>
</line>
<line branch="true" condition-coverage="0% (0/2)" hits="0" number="138">
<conditions>
<condition coverage="0%" number="0" type="jump"/>
</conditions>
</line>
<line branch="true" condition-coverage="0% (0/2)" hits="0" number="140">
<conditions>
<condition coverage="0%" number="0" type="jump"/>
</conditions>
</line>
<line branch="true" condition-coverage="0% (0/2)" hits="0" number="142">
<conditions>
<condition coverage="0%" number="0" type="jump"/>
</conditions>
</line>
<line branch="false" hits="0" number="144"/>
<line branch="true" condition-coverage="0% (0/4)" hits="0" number="147">
<conditions>
<condition coverage="0%" number="0" type="jump"/>
</conditions>
</line>
<line branch="false" hits="0" number="149"/>
<line branch="false" hits="0" number="153"/>
<line branch="true" condition-coverage="0% (0/4)" hits="0" number="156">
<conditions>
<condition coverage="0%" number="0" type="jump"/>
</conditions>
</line>
<line branch="false" hits="0" number="158"/>
<line branch="false" hits="0" number="162"/>
<line branch="true" condition-coverage="0% (0/4)" hits="0" number="165">
<conditions>
<condition coverage="0%" number="0" type="jump"/>
</conditions>
</line>
<line branch="false" hits="0" number="167"/>
<line branch="false" hits="0" number="171"/>
<line branch="true" condition-coverage="0% (0/4)" hits="0" number="175">
<conditions>
<condition coverage="0%" number="0" type="jump"/>
</conditions>
</line>
<line branch="true" condition-coverage="0% (0/4)" hits="0" number="176">
<conditions>
<condition coverage="0%" number="0" type="jump"/>
</conditions>
</line>
<line branch="true" condition-coverage="0% (0/4)" hits="0" number="177">
<conditions>
<condition coverage="0%" number="0" type="jump"/>
</conditions>
</line>
<line branch="true" condition-coverage="0% (0/4)" hits="0" number="178">
<conditions>
<condition coverage="0%" number="0" type="jump"/>
</conditions>
</line>
<line branch="false" hits="0" number="180"/>
<line branch="true" condition-coverage="0% (0/4)" hits="0" number="181">
<conditions>
<condition coverage="0%" number="0" type="jump"/>
</conditions>
</line>
<line branch="true" condition-coverage="0% (0/22)" hits="0" number="183">
<conditions>
<condition coverage="0%" number="0" type="jump"/>
</conditions>
</line>
<line branch="true" condition-coverage="0% (0/2)" hits="0" number="185">
<conditions>
<condition coverage="0%" number="0" type="jump"/>
</conditions>
</line>
<line branch="true" condition-coverage="0% (0/26)" hits="0" number="187">
<conditions>
<condition coverage="0%" number="0" type="jump"/>
</conditions>
</line>
<line branch="true" condition-coverage="0% (0/20)" hits="0" number="192">
<conditions>
<condition coverage="0%" number="0" type="jump"/>
</conditions>
</line>
<line branch="false" hits="0" number="195"/>
<line branch="true" condition-coverage="0% (0/4)" hits="0" number="196">
<conditions>
<condition coverage="0%" number="0" type="jump"/>
</conditions>
</line>
<line branch="true" condition-coverage="0% (0/22)" hits="0" number="198">
<conditions>
<condition coverage="0%" number="0" type="jump"/>
</conditions>
</line>
<line branch="true" condition-coverage="0% (0/2)" hits="0" number="200">
<conditions>
<condition coverage="0%" number="0" type="jump"/>
</conditions>
</line>
<line branch="true" condition-coverage="0% (0/26)" hits="0" number="202">
<conditions>
<condition coverage="0%" number="0" type="jump"/>
</conditions>
</line>
<line branch="true" condition-coverage="0% (0/20)" hits="0" number="207">
<conditions>
<condition coverage="0%" number="0" type="jump"/>
</conditions>
</line>
<line branch="false" hits="0" number="210"/>
<line branch="true" condition-coverage="0% (0/2)" hits="0" number="211">
<conditions>
<condition coverage="0%" number="0" type="jump"/>
</conditions>
</line>
<line branch="true" condition-coverage="0% (0/2)" hits="0" number="212">
<conditions>
<condition coverage="0%" number="0" type="jump"/>
</conditions>
</line>
<line branch="true" condition-coverage="0% (0/2)" hits="0" number="213">
<conditions>
<condition coverage="0%" number="0" type="jump"/>
</conditions>
</line>
<line branch="false" hits="0" number="215"/>
<line branch="false" hits="0" number="216"/>
<line branch="true" condition-coverage="0% (0/6)" hits="0" number="218">
<conditions>
<condition coverage="0%" number="0" type="jump"/>
</conditions>
</line>
<line branch="true" condition-coverage="0% (0/6)" hits="0" number="219">
<conditions>
<condition coverage="0%" number="0" type="jump"/>
</conditions>
</line>
<line branch="true" condition-coverage="0% (0/6)" hits="0" number="220">
<conditions>
<condition coverage="0%" number="0" type="jump"/>
</conditions>
</line>
<line branch="true" condition-coverage="0% (0/6)" hits="0" number="221">
<conditions>
<condition coverage="0%" number="0" type="jump"/>
</conditions>
</line>
<line branch="true" condition-coverage="0% (0/6)" hits="0" number="222">
<conditions>
<condition coverage="0%" number="0" type="jump"/>
</conditions>
</line>
<line branch="true" condition-coverage="0% (0/2)" hits="0" number="224">
<conditions>
<condition coverage="0%" number="0" type="jump"/>
</conditions>
</line>
<line branch="false" hits="0" number="226"/>
<line branch="true" condition-coverage="0% (0/2)" hits="0" number="227">
<conditions>
<condition coverage="0%" number="0" type="jump"/>
</conditions>
</line>
<line branch="true" condition-coverage="0% (0/2)" hits="0" number="228">
<conditions>
<condition coverage="0%" number="0" type="jump"/>
</conditions>
</line>
<line branch="true" condition-coverage="0% (0/2)" hits="0" number="230">
<conditions>
<condition coverage="0%" number="0" type="jump"/>
</conditions>
</line>
<line branch="true" condition-coverage="0% (0/2)" hits="0" number="231">
<conditions>
<condition coverage="0%" number="0" type="jump"/>
</conditions>
</line>
<line branch="true" condition-coverage="0% (0/6)" hits="0" number="232">
<conditions>
<condition coverage="0%" number="0" type="jump"/>
</conditions>
</line>
<line branch="true" condition-coverage="0% (0/2)" hits="0" number="234">
<conditions>
<condition coverage="0%" number="0" type="jump"/>
</conditions>
</line>
<line branch="true" condition-coverage="0% (0/22)" hits="0" number="236">
<conditions>
<condition coverage="0%" number="0" type="jump"/>
</conditions>
</line>
<line branch="true" condition-coverage="0% (0/2)" hits="0" number="238">
<conditions>
<condition coverage="0%" number="0" type="jump"/>
</conditions>
</line>
<line branch="true" condition-coverage="0% (0/2)" hits="0" number="240">
<conditions>
<condition coverage="0%" number="0" type="jump"/>
</conditions>
</line>
<line branch="false" hits="0" number="242"/>
<line branch="true" condition-coverage="50% (2/4)" hits="3" number="244">
<conditions>
<condition coverage="50%" number="0" type="jump"/>
</conditions>
</line>
</lines>
</class>
</classes>
</package>
<package branch-rate="0.375" complexity="0.0" line-rate="1.0" name=".workspace.hbm-vscode-remote.tests">
<classes>
<class branch-rate="0.375" complexity="0.0" filename="/workspace/hbm-vscode-remote/tests/FlowSensorTest.cpp" line-rate="1.0" name="FlowSensorTest_cpp">
<methods/>
<lines>
<line branch="true" condition-coverage="50% (5/10)" hits="5" number="36">
<conditions>
<condition coverage="50%" number="0" type="jump"/>
</conditions>
</line>
<line branch="true" condition-coverage="50% (1/2)" hits="1" number="38">
<conditions>
<condition coverage="50%" number="0" type="jump"/>
</conditions>
</line>
<line branch="true" condition-coverage="50% (3/6)" hits="1" number="41">
<conditions>
<condition coverage="50%" number="0" type="jump"/>
</conditions>
</line>
<line branch="true" condition-coverage="25% (4/16)" hits="2" number="42">
<conditions>
<condition coverage="25%" number="0" type="jump"/>
</conditions>
</line>
<line branch="true" condition-coverage="50% (2/4)" hits="1" number="43">
<conditions>
<condition coverage="50%" number="0" type="jump"/>
</conditions>
</line>
<line branch="true" condition-coverage="50% (2/4)" hits="1" number="45">
<conditions>
<condition coverage="50%" number="0" type="jump"/>
</conditions>
</line>
<line branch="true" condition-coverage="25% (4/16)" hits="1" number="46">
<conditions>
<condition coverage="25%" number="0" type="jump"/>
</conditions>
</line>
<line branch="true" condition-coverage="50% (1/2)" hits="2" number="17">
<conditions>
<condition coverage="50%" number="0" type="jump"/>
</conditions>
</line>
<line branch="false" hits="1" number="50"/>
<line branch="false" hits="1" number="51"/>
<line branch="false" hits="1" number="52"/>
<line branch="false" hits="1" number="21"/>
<line branch="false" hits="1" number="23"/>
<line branch="false" hits="1" number="25"/>
<line branch="false" hits="1" number="27"/>
<line branch="true" condition-coverage="50% (2/4)" hits="3" number="53">
<conditions>
<condition coverage="50%" number="0" type="jump"/>
</conditions>
</line>
</lines>
</class>
</classes>
</package>
</packages>
</coverage>

